<?xml version="1.0" encoding="utf-8"?><testsuites name="pytest tests"><testsuite name="pytest" errors="0" failures="0" skipped="0" tests="42" time="1.809" timestamp="2026-03-31T11:39:18.947454-10:00" hostname="Josh-Tower"><testcase classname="tests.test_agents" name="test_should_resolve_intent" time="0.001" /><testcase classname="tests.test_agents" name="test_run_agent_graph_no_intent_resolution" time="0.005" /><testcase classname="tests.test_agents" name="test_run_agent_graph_with_intent_resolution" time="0.004" /><testcase classname="tests.test_agents" name="test_intent_resolution_fails_gracefully" time="0.004" /><testcase classname="tests.test_agents" name="test_multiple_user_turns" time="0.004" /><testcase classname="tests.test_agents" name="test_style_pattern_matching" time="0.001" /><testcase classname="tests.test_agents" name="test_agent_with_conversation_context" time="0.004" /><testcase classname="tests.test_integration" name="test_full_agent_flow_with_mcp" time="0.006" /><testcase classname="tests.test_integration" name="test_music_generation_integration" time="0.003" /><testcase classname="tests.test_integration" name="test_session_persistence_client_reuse" time="0.005" /><testcase classname="tests.test_main" name="test_health_check" time="0.002" /><testcase classname="tests.test_main" name="test_agent_run" time="0.003" /><testcase classname="tests.test_main" name="test_client_reused_when_config_unchanged" time="0.003" /><testcase classname="tests.test_main" name="test_client_recreated_when_project_changes" time="0.003" /><testcase classname="tests.test_main" name="test_client_recreated_when_llm_provider_changes" time="0.004" /><testcase classname="tests.test_main" name="test_agent_run_with_gemini" time="0.002" /><testcase classname="tests.test_main" name="test_agent_run_with_anthropic" time="0.002" /><testcase classname="tests.test_main" name="test_agent_run_with_openai" time="0.002" /><testcase classname="tests.test_main" name="test_agent_run_with_auth_tokens" time="0.002" /><testcase classname="tests.test_main" name="test_agent_run_without_auth_tokens" time="0.002" /><testcase classname="tests.test_main" name="test_agent_run_with_conversation_history" time="0.002" /><testcase classname="tests.test_main" name="test_agent_run_with_empty_history" time="0.002" /><testcase classname="tests.test_main" name="test_agent_run_with_exception" time="0.001" /><testcase classname="tests.test_mcp_client" name="test_connect_to_server" time="0.043" /><testcase classname="tests.test_mcp_client" name="test_initialize_session_with_tokens" time="0.013" /><testcase classname="tests.test_mcp_client" name="test_tool_schema_conversion_gemini" time="0.001" /><testcase classname="tests.test_mcp_client" name="test_tool_schema_conversion_anthropic" time="0.001" /><testcase classname="tests.test_mcp_client" name="test_tool_loop_max_iterations" time="0.014" /><testcase classname="tests.test_mcp_client" name="test_tool_call_error_recovery" time="0.014" /><testcase classname="tests.test_mcp_client" name="test_extract_tool_result" time="0.001" /><testcase classname="tests.test_mcp_client" name="test_cleanup" time="0.012" /><testcase classname="tests.test_routes" name="test_generate_music_success" time="0.012" /><testcase classname="tests.test_routes" name="test_generate_music_no_api_key" time="0.001" /><testcase classname="tests.test_routes" name="test_generate_music_minimum_length" time="0.002" /><testcase classname="tests.test_routes" name="test_generate_music_maximum_length" time="0.002" /><testcase classname="tests.test_routes" name="test_generate_music_invalid_length_too_short" time="0.001" /><testcase classname="tests.test_routes" name="test_generate_music_invalid_length_too_long" time="0.002" /><testcase classname="tests.test_routes" name="test_generate_music_different_formats" time="0.003" /><testcase classname="tests.test_routes" name="test_generate_music_with_vocals" time="0.002" /><testcase classname="tests.test_routes" name="test_generate_music_empty_response" time="0.002" /><testcase classname="tests.test_routes" name="test_generate_music_api_exception" time="0.002" /><testcase classname="tests.test_routes" name="test_generate_music_with_client_api_key" time="0.002" /></testsuite></testsuites>